<?xml version="1.0" encoding="UTF-8"?>
<testng-results skipped="0" failed="0" ignored="0" total="1" passed="1">
  <reporter-output>
  </reporter-output>
  <suite name="Default suite" duration-ms="78057" started-at="2018-02-15T10:37:24Z" finished-at="2018-02-15T10:38:42Z">
    <groups>
    </groups>
    <test name="Default test" duration-ms="78057" started-at="2018-02-15T10:37:24Z" finished-at="2018-02-15T10:38:42Z">
      <class name="tests.single.Stonybrook_Reg">
        <test-method status="PASS" signature="BrowserstackConnect()[pri:0, instance:tests.single.Stonybrook_Reg@3632be31]" name="BrowserstackConnect" is-config="true" duration-ms="32620" started-at="2018-02-15T02:37:24Z" finished-at="2018-02-15T02:37:56Z">
          <reporter-output>
          </reporter-output>
        </test-method> <!-- BrowserstackConnect -->
        <test-method status="PASS" signature="Register()[pri:0, instance:tests.single.Stonybrook_Reg@3632be31]" name="Register" duration-ms="45189" started-at="2018-02-15T02:37:57Z" finished-at="2018-02-15T02:38:42Z">
          <reporter-output>
          </reporter-output>
        </test-method> <!-- Register -->
      </class> <!-- tests.single.Stonybrook_Reg -->
    </test> <!-- Default test -->
  </suite> <!-- Default suite -->
</testng-results>
